Removed Pin From Net: NetName=+24 Pin=P8-1
Removed Pin From Net: NetName=GND Pin=P8-2
Removed Pin From Net: NetName=Input1 Pin=P8-4
Removed Pin From Net: NetName=Input2 Pin=P8-5
Removed Pin From Net: NetName=Input3 Pin=P10-1
Removed Pin From Net: NetName=Input4 Pin=P10-2
Removed Pin From Net: NetName=Input6 Pin=P10-4
Removed Pin From Net: NetName=Input7 Pin=P10-5
Removed Pin From Net: NetName=Input8+ Pin=P12-1
Removed Pin From Net: NetName=Input8- Pin=P12-2
Removed Pin From Net: NetName=Input9+ Pin=P12-3
Removed Pin From Net: NetName=Input9- Pin=P12-4
Removed Pin From Net: NetName=Input10+ Pin=P12-5
Removed Pin From Net: NetName=Input10- Pin=P12-6
Removed Pin From Net: NetName=Input11+ Pin=P12-7
Removed Pin From Net: NetName=Input11- Pin=P12-8
Removed Pin From Net: NetName=ENC1A Pin=P14-1
Removed Pin From Net: NetName=ENC1B Pin=P14-2
Removed Pin From Net: NetName=ENC2A Pin=P14-3
Removed Pin From Net: NetName=ENC2 Pin=P14-4
Removed Pin From Net: NetName=LIDAR1 Pin=P14-5
Removed Pin From Net: NetName=LIDAR2 Pin=P14-6
Removed Pin From Net: NetName=LIDAR3 Pin=P14-7
Removed Pin From Net: NetName=GND Pin=P14-8
Added Pin To Net: NetName=Input2 Pin=P8-1
Added Pin To Net: NetName=Input1 Pin=P8-2
Added Pin To Net: NetName=GND Pin=P8-4
Added Pin To Net: NetName=+24 Pin=P8-5
Added Pin To Net: NetName=Input7 Pin=P10-1
Added Pin To Net: NetName=Input6 Pin=P10-2
Added Pin To Net: NetName=Input4 Pin=P10-4
Added Pin To Net: NetName=Input3 Pin=P10-5
Added Pin To Net: NetName=Input11- Pin=P12-1
Added Pin To Net: NetName=Input11+ Pin=P12-2
Added Pin To Net: NetName=Input10- Pin=P12-3
Added Pin To Net: NetName=Input10+ Pin=P12-4
Added Pin To Net: NetName=Input9- Pin=P12-5
Added Pin To Net: NetName=Input9+ Pin=P12-6
Added Pin To Net: NetName=Input8- Pin=P12-7
Added Pin To Net: NetName=Input8+ Pin=P12-8
Added Pin To Net: NetName=GND Pin=P14-1
Added Pin To Net: NetName=LIDAR3 Pin=P14-2
Added Pin To Net: NetName=LIDAR2 Pin=P14-3
Added Pin To Net: NetName=LIDAR1 Pin=P14-4
Added Pin To Net: NetName=ENC2 Pin=P14-5
Added Pin To Net: NetName=ENC2A Pin=P14-6
Added Pin To Net: NetName=ENC1B Pin=P14-7
Added Pin To Net: NetName=ENC1A Pin=P14-8
