Removed Pin From Net: NetName=RFID_TX Pin=U25-8
Removed Pin From Net: NetName=RFID_RX Pin=U25-10
Removed Pin From Net: NetName=HMI_RX Pin=U25-11
Removed Pin From Net: NetName=HMI_TX Pin=U25-13
Removed Pin From Net: NetName=ENC1A Pin=UT1-4
Removed Pin From Net: NetName=GND Pin=UT1-5
Removed Pin From Net: NetName=+5 Pin=UT1-6
Removed Pin From Net: NetName=ENC1B Pin=UT2-4
Removed Pin From Net: NetName=GND Pin=UT2-5
Removed Pin From Net: NetName=+5 Pin=UT2-6
Removed Pin From Net: NetName=ENC2A Pin=UT3-4
Removed Pin From Net: NetName=GND Pin=UT3-5
Removed Pin From Net: NetName=+5 Pin=UT3-6
Removed Pin From Net: NetName=ENC2B Pin=UT4-4
Removed Pin From Net: NetName=GND Pin=UT4-5
Removed Pin From Net: NetName=+5 Pin=UT4-6
Removed Member From Class: ClassName=sch_AGV_Input Member=UT1
Removed Member From Class: ClassName=sch_AGV_Input Member=UT2
Removed Member From Class: ClassName=sch_AGV_Input Member=UT3
Removed Member From Class: ClassName=sch_AGV_Input Member=UT4
Added Component: Designator=*1(SOP5)
Added Component: Designator=*2(SOP5)
Added Component: Designator=*3(SOP5)
Added Component: Designator=*4(SOP5)
Added Component: Designator=IC23(SOT23A)
Added Pin To Net: NetName=ENC1A Pin=*1-3
Added Pin To Net: NetName=GND Pin=*1-4
Added Pin To Net: NetName=PE9 Pin=*1-5
Added Pin To Net: NetName=+5 Pin=*1-6
Added Pin To Net: NetName=ENC1B Pin=*2-3
Added Pin To Net: NetName=GND Pin=*2-4
Added Pin To Net: NetName=PE11 Pin=*2-5
Added Pin To Net: NetName=+5 Pin=*2-6
Added Pin To Net: NetName=ENC2A Pin=*3-3
Added Pin To Net: NetName=GND Pin=*3-4
Added Pin To Net: NetName=PA15 Pin=*3-5
Added Pin To Net: NetName=+5 Pin=*3-6
Added Pin To Net: NetName=ENC2B Pin=*4-3
Added Pin To Net: NetName=GND Pin=*4-4
Added Pin To Net: NetName=PB3 Pin=*4-5
Added Pin To Net: NetName=+5 Pin=*4-6
Added Pin To Net: NetName=GND Pin=DFPlayer-7
Added Pin To Net: NetName=GND Pin=DFPlayer-10
Added Pin To Net: NetName=Output2 Pin=IC23-2
Added Pin To Net: NetName=GND Pin=IC23-3
Added Pin To Net: NetName=RFID_TX Pin=U25-7
Added Pin To Net: NetName=RFID_RX Pin=U25-8
Added Pin To Net: NetName=HMI_RX Pin=U25-13
Added Pin To Net: NetName=HMI_TX Pin=U25-14
Change Net Name : Old Net Name=PC11 New Net Name=PC10
Change Net Name : Old Net Name=PC12 New Net Name=PD2
Added Pin To Net: NetName=Net*1_1 Pin=*1-1
Added Pin To Net: NetName=Net*1_1 Pin=D3-2
Added Pin To Net: NetName=Net*1_1 Pin=R10-2
Added Net: Name=Net*1_1
Added Pin To Net: NetName=Net*2_1 Pin=*2-1
Added Pin To Net: NetName=Net*2_1 Pin=D4-2
Added Pin To Net: NetName=Net*2_1 Pin=R22-2
Added Net: Name=Net*2_1
Added Pin To Net: NetName=Net*3_1 Pin=*3-1
Added Pin To Net: NetName=Net*3_1 Pin=D5-2
Added Pin To Net: NetName=Net*3_1 Pin=R35-2
Added Net: Name=Net*3_1
Added Pin To Net: NetName=Net*4_1 Pin=*4-1
Added Pin To Net: NetName=Net*4_1 Pin=D6-2
Added Pin To Net: NetName=Net*4_1 Pin=R46-2
Added Net: Name=Net*4_1
Added Pin To Net: NetName=NetIC23_1 Pin=IC23-1
Added Pin To Net: NetName=NetIC23_1 Pin=R80-1
Added Pin To Net: NetName=NetIC23_1 Pin=U22-3
Added Net: Name=NetIC23_1
Added Pin To Net: NetName=PC11 Pin=U25-11
Added Net: Name=PC11
Added Pin To Net: NetName=PC12 Pin=U25-10
Added Net: Name=PC12
Added Member To Class: ClassName=sch_AGV_Input Member=Component *1 TLP115A
Added Member To Class: ClassName=sch_AGV_Input Member=Component *2 TLP115A
Added Member To Class: ClassName=sch_AGV_Input Member=Component *3 TLP115A
Added Member To Class: ClassName=sch_AGV_Input Member=Component *4 TLP115A
Added Member To Class: ClassName=sch_AGV_Output Member=Component IC23 N_MOSFET
Added Room: Name=sch_AGV_ESP
Added Room: Name=sch_AGV_Header
Added Room: Name=sch_AGV_Input
Added Room: Name=sch_AGV_MCU
Added Room: Name=sch_AGV_Output
Added Room: Name=sch_AGV_Power
Added Room: Name=sch_AGV_Speaker
