Added Component: Designator=R48(RES_SMD_0805)
Add component (AddParameter): Name = "Class"; Value = "Passive"; VariantName = "[No Variations]"
Add component (AddParameter): Name = "Manufacturer"; Value = "Generic Components"; VariantName = "[No Variations]"
Add component (AddParameter): Name = "Published"; Value = "08/06/2000"; VariantName = "[No Variations]"
Add component (AddParameter): Name = "Publisher"; Value = "Altium Hobart Technology Centre"; VariantName = "[No Variations]"
Added Component: Designator=R53(RES_SMD_0805)
Add component (AddParameter): Name = "Class"; Value = "Passive"; VariantName = "[No Variations]"
Add component (AddParameter): Name = "Manufacturer"; Value = "Generic Components"; VariantName = "[No Variations]"
Add component (AddParameter): Name = "Published"; Value = "08/06/2000"; VariantName = "[No Variations]"
Add component (AddParameter): Name = "Publisher"; Value = "Altium Hobart Technology Centre"; VariantName = "[No Variations]"
Added Component: Designator=R135(RES_SMD_0805)
Add component (AddParameter): Name = "Class"; Value = "Passive"; VariantName = "[No Variations]"
Add component (AddParameter): Name = "Manufacturer"; Value = "Generic Components"; VariantName = "[No Variations]"
Add component (AddParameter): Name = "Published"; Value = "08/06/2000"; VariantName = "[No Variations]"
Add component (AddParameter): Name = "Publisher"; Value = "Altium Hobart Technology Centre"; VariantName = "[No Variations]"
Added Pin To Net: NetName=+5 Pin=R48-1
Added Pin To Net: NetName=PA3 Pin=R48-2
Added Pin To Net: NetName=PA6 Pin=R53-1
Added Pin To Net: NetName=+5 Pin=R53-2
Added Pin To Net: NetName=+5 Pin=R135-1
Added Pin To Net: NetName=PA2 Pin=R135-2
Added Member To Class: ClassName=sch_AGV_Input Member=Component R48 20K
Added Member To Class: ClassName=sch_AGV_Input Member=Component R53 20K
Added Member To Class: ClassName=sch_AGV_Input Member=Component R135 20K
Added Room: Name=sch_AGV_ESP
Added Room: Name=sch_AGV_Header
Added Room: Name=sch_AGV_Input
Added Room: Name=sch_AGV_MCU
Added Room: Name=sch_AGV_Output
Added Room: Name=sch_AGV_Power
Added Room: Name=sch_AGV_Speaker
