Removed Pin From Net: NetName=PA3 Pin=R48-1
Removed Pin From Net: NetName=PA3 Pin=R53-1
Removed Pin From Net: NetName=GND Pin=R53-2
Removed Pin From Net: NetName=RFID_TX Pin=U25-7
Removed Pin From Net: NetName=RFID_RX Pin=U25-8
Removed Pin From Net: NetName=HMI_RX Pin=U25-13
Removed Pin From Net: NetName=HMI_TX Pin=U25-14
Removed Member From Class: ClassName=sch_AGV_Input Member=R48
Removed Member From Class: ClassName=sch_AGV_Input Member=R53
Change Component Footprint: Designator=L2 Old Footprint=L-SMD-M-7.3x4.5 New Footprint=L-SMD-M-12x10
Added Component: Designator=C?(CAP_0402)
Add component (AddParameter): Name = "LatestRevisionDate"; Value = "17-Jul-2002"; VariantName = "[No Variations]"
Add component (AddParameter): Name = "LatestRevisionNote"; Value = "Re-released for DXP Platform."; VariantName = "[No Variations]"
Add component (AddParameter): Name = "PackageReference"; Value = "RAD-0.3"; VariantName = "[No Variations]"
Add component (AddParameter): Name = "Published"; Value = "8-Jun-2000"; VariantName = "[No Variations]"
Add component (AddParameter): Name = "Publisher"; Value = "Altium Limited"; VariantName = "[No Variations]"
Add component (AddParameter): Name = "Value"; Value = "33p"; VariantName = "[No Variations]"
Added Pin To Net: NetName=GND Pin=C?-1
Added Pin To Net: NetName=+5 Pin=C?-2
Added Pin To Net: NetName=PA3 Pin=IC2-1
Added Pin To Net: NetName=RFID_RX Pin=U25-7
Added Pin To Net: NetName=RFID_TX Pin=U25-8
Added Pin To Net: NetName=HMI_TX Pin=U25-13
Added Pin To Net: NetName=HMI_RX Pin=U25-14
Added Member To Class: ClassName=sch_AGV_Input Member=Component C? 104
Added Room: Name=sch_AGV_ESP
Added Room: Name=sch_AGV_Header
Added Room: Name=sch_AGV_Input
Added Room: Name=sch_AGV_MCU
Added Room: Name=sch_AGV_Output
Added Room: Name=sch_AGV_Power
Added Room: Name=sch_AGV_Speaker
